2022-12-07 20:56:17.321  INFO 20052 --- [restartedMain] c.a.c.msclients.MsclientsApplication     : Starting MsclientsApplication using Java 17.0.2 on augusto-pc with PID 20052 (/home/acsousa/Workspaces/ws-myprojects/ms-credit-card/msclients/target/classes started by acsousa in /home/acsousa/Workspaces/ws-myprojects/ms-credit-card)
2022-12-07 20:56:17.323  INFO 20052 --- [restartedMain] c.a.c.msclients.MsclientsApplication     : No active profile set, falling back to 1 default profile: "default"
2022-12-07 20:56:17.367  INFO 20052 --- [restartedMain] .e.DevToolsPropertyDefaultsPostProcessor : Devtools property defaults active! Set 'spring.devtools.add-properties' to 'false' to disable
2022-12-07 20:56:17.368  INFO 20052 --- [restartedMain] .e.DevToolsPropertyDefaultsPostProcessor : For additional web related logging consider setting the 'logging.level.web' property to 'DEBUG'
2022-12-07 20:56:18.302  INFO 20052 --- [restartedMain] .s.d.r.c.RepositoryConfigurationDelegate : Bootstrapping Spring Data JPA repositories in DEFAULT mode.
2022-12-07 20:56:18.406  INFO 20052 --- [restartedMain] .s.d.r.c.RepositoryConfigurationDelegate : Finished Spring Data repository scanning in 97 ms. Found 1 JPA repository interfaces.
2022-12-07 20:56:18.629  INFO 20052 --- [restartedMain] o.s.cloud.context.scope.GenericScope     : BeanFactory id=4f6ce4a2-7d84-397d-a3f0-fb095df84789
2022-12-07 20:56:19.305  INFO 20052 --- [restartedMain] o.s.b.w.embedded.tomcat.TomcatWebServer  : Tomcat initialized with port(s): 0 (http)
2022-12-07 20:56:19.312  INFO 20052 --- [restartedMain] o.apache.catalina.core.StandardService   : Starting service [Tomcat]
2022-12-07 20:56:19.313  INFO 20052 --- [restartedMain] org.apache.catalina.core.StandardEngine  : Starting Servlet engine: [Apache Tomcat/9.0.60]
2022-12-07 20:56:19.364  INFO 20052 --- [restartedMain] o.a.c.c.C.[Tomcat].[localhost].[/]       : Initializing Spring embedded WebApplicationContext
2022-12-07 20:56:19.364  INFO 20052 --- [restartedMain] w.s.c.ServletWebServerApplicationContext : Root WebApplicationContext: initialization completed in 1996 ms
2022-12-07 20:56:19.678  INFO 20052 --- [restartedMain] com.zaxxer.hikari.HikariDataSource       : HikariPool-1 - Starting...
2022-12-07 20:56:19.869  INFO 20052 --- [restartedMain] com.zaxxer.hikari.HikariDataSource       : HikariPool-1 - Start completed.
2022-12-07 20:56:19.877  INFO 20052 --- [restartedMain] o.s.b.a.h2.H2ConsoleAutoConfiguration    : H2 console available at '/h2-console'. Database available at 'jdbc:h2:mem:14db32cd-282e-4b4b-868c-84f3937c7dea'
2022-12-07 20:56:20.103  INFO 20052 --- [restartedMain] o.hibernate.jpa.internal.util.LogHelper  : HHH000204: Processing PersistenceUnitInfo [name: default]
2022-12-07 20:56:20.167  INFO 20052 --- [restartedMain] org.hibernate.Version                    : HHH000412: Hibernate ORM core version 5.6.7.Final
2022-12-07 20:56:20.349  INFO 20052 --- [restartedMain] o.hibernate.annotations.common.Version   : HCANN000001: Hibernate Commons Annotations {5.1.2.Final}
2022-12-07 20:56:20.462  INFO 20052 --- [restartedMain] org.hibernate.dialect.Dialect            : HHH000400: Using dialect: org.hibernate.dialect.H2Dialect
2022-12-07 20:56:20.883  INFO 20052 --- [restartedMain] o.h.e.t.j.p.i.JtaPlatformInitiator       : HHH000490: Using JtaPlatform implementation: [org.hibernate.engine.transaction.jta.platform.internal.NoJtaPlatform]
2022-12-07 20:56:20.888  INFO 20052 --- [restartedMain] j.LocalContainerEntityManagerFactoryBean : Initialized JPA EntityManagerFactory for persistence unit 'default'
2022-12-07 20:56:21.213  WARN 20052 --- [restartedMain] JpaBaseConfiguration$JpaWebConfiguration : spring.jpa.open-in-view is enabled by default. Therefore, database queries may be performed during view rendering. Explicitly configure spring.jpa.open-in-view to disable this warning
2022-12-07 20:56:22.586  INFO 20052 --- [restartedMain] o.s.cloud.commons.util.InetUtils         : Cannot determine local hostname
2022-12-07 20:56:22.900  WARN 20052 --- [restartedMain] o.s.b.d.a.OptionalLiveReloadServer       : Unable to start LiveReload server
2022-12-07 20:56:23.926  INFO 20052 --- [restartedMain] o.s.cloud.commons.util.InetUtils         : Cannot determine local hostname
2022-12-07 20:56:23.960  INFO 20052 --- [restartedMain] DiscoveryClientOptionalArgsConfiguration : Eureka HTTP Client uses RestTemplate.
2022-12-07 20:56:24.086  WARN 20052 --- [restartedMain] iguration$LoadBalancerCaffeineWarnLogger : Spring Cloud LoadBalancer is currently working with the default cache. While this cache implementation is useful for development and tests, it's recommended to use Caffeine cache in production.You can switch to using Caffeine cache, by adding it and org.springframework.cache.caffeine.CaffeineCacheManager to the classpath.
2022-12-07 20:56:24.090  INFO 20052 --- [restartedMain] o.s.b.a.e.web.EndpointLinksResolver      : Exposing 17 endpoint(s) beneath base path '/actuator'
2022-12-07 20:56:24.183  INFO 20052 --- [restartedMain] o.s.b.w.embedded.tomcat.TomcatWebServer  : Tomcat started on port(s): 35661 (http) with context path ''
2022-12-07 20:56:24.184  INFO 20052 --- [restartedMain] .s.c.n.e.s.EurekaAutoServiceRegistration : Updating port to 35661
2022-12-07 20:56:24.188  INFO 20052 --- [restartedMain] o.s.c.n.eureka.InstanceInfoFactory       : Setting initial instance status as: STARTING
2022-12-07 20:56:24.273  INFO 20052 --- [restartedMain] com.netflix.discovery.DiscoveryClient    : Initializing Eureka in region us-east-1
2022-12-07 20:56:24.291  INFO 20052 --- [restartedMain] c.n.d.s.r.aws.ConfigClusterResolver      : Resolving eureka endpoints via configuration
2022-12-07 20:56:24.345  INFO 20052 --- [restartedMain] com.netflix.discovery.DiscoveryClient    : Disable delta property : false
2022-12-07 20:56:24.345  INFO 20052 --- [restartedMain] com.netflix.discovery.DiscoveryClient    : Single vip registry refresh property : null
2022-12-07 20:56:24.345  INFO 20052 --- [restartedMain] com.netflix.discovery.DiscoveryClient    : Force full registry fetch : false
2022-12-07 20:56:24.346  INFO 20052 --- [restartedMain] com.netflix.discovery.DiscoveryClient    : Application is null : false
2022-12-07 20:56:24.346  INFO 20052 --- [restartedMain] com.netflix.discovery.DiscoveryClient    : Registered Applications size is zero : true
2022-12-07 20:56:24.346  INFO 20052 --- [restartedMain] com.netflix.discovery.DiscoveryClient    : Application version is -1: true
2022-12-07 20:56:24.346  INFO 20052 --- [restartedMain] com.netflix.discovery.DiscoveryClient    : Getting all instance registry info from the eureka server
2022-12-07 20:56:24.961  INFO 20052 --- [restartedMain] com.netflix.discovery.DiscoveryClient    : The response status is 200
2022-12-07 20:56:24.964  INFO 20052 --- [restartedMain] com.netflix.discovery.DiscoveryClient    : Starting heartbeat executor: renew interval is: 30
2022-12-07 20:56:24.967  INFO 20052 --- [restartedMain] c.n.discovery.InstanceInfoReplicator     : InstanceInfoReplicator onDemand update allowed rate per min is 4
2022-12-07 20:56:24.973  INFO 20052 --- [restartedMain] com.netflix.discovery.DiscoveryClient    : Discovery Client initialized at timestamp 1670457384973 with initial instances count: 1
2022-12-07 20:56:24.975  INFO 20052 --- [restartedMain] o.s.c.n.e.s.EurekaServiceRegistry        : Registering application MSCLIENTS with eureka with status UP
2022-12-07 20:56:24.975  INFO 20052 --- [restartedMain] com.netflix.discovery.DiscoveryClient    : Saw local status change event StatusChangeEvent [timestamp=1670457384975, current=UP, previous=STARTING]
2022-12-07 20:56:24.977  INFO 20052 --- [DiscoveryClient-InstanceInfoReplicator-0] com.netflix.discovery.DiscoveryClient    : DiscoveryClient_MSCLIENTS/localhost:msclients:eb7e81277496fd4251b0695bd928cd7f: registering service...
2022-12-07 20:56:25.081  INFO 20052 --- [DiscoveryClient-InstanceInfoReplicator-0] com.netflix.discovery.DiscoveryClient    : DiscoveryClient_MSCLIENTS/localhost:msclients:eb7e81277496fd4251b0695bd928cd7f - registration status: 204
2022-12-07 20:56:25.086  INFO 20052 --- [RMI TCP Connection(2)-127.0.0.1] o.a.c.c.C.[Tomcat].[localhost].[/]       : Initializing Spring DispatcherServlet 'dispatcherServlet'
2022-12-07 20:56:25.087  INFO 20052 --- [RMI TCP Connection(2)-127.0.0.1] o.s.web.servlet.DispatcherServlet        : Initializing Servlet 'dispatcherServlet'
2022-12-07 20:56:25.088  INFO 20052 --- [RMI TCP Connection(2)-127.0.0.1] o.s.web.servlet.DispatcherServlet        : Completed initialization in 1 ms
2022-12-07 20:56:25.978  INFO 20052 --- [restartedMain] o.s.cloud.commons.util.InetUtils         : Cannot determine local hostname
2022-12-07 20:56:25.982  INFO 20052 --- [restartedMain] c.a.c.msclients.MsclientsApplication     : Started MsclientsApplication in 10.334 seconds (JVM running for 11.121)
